0 info it worked if it ends with ok
1 verbose cli [ 'C:\\Users\\Aditya Vikram Singh\\AppData\\Local\\atom\\app-1.24.0\\resources\\app\\apm\\bin\\node.exe',
1 verbose cli   'C:\\Users\\Aditya Vikram Singh\\AppData\\Local\\atom\\app-1.24.0\\resources\\app\\apm\\node_modules\\npm\\bin\\npm-cli.js',
1 verbose cli   'version',
1 verbose cli   'minor',
1 verbose cli   '-m',
1 verbose cli   'Prepare %s release' ]
2 info using npm@3.10.10
3 info using node@v6.9.5
4 info git [ 'status', '--porcelain' ]
5 verbose stack Error: Git working directory not clean.
5 verbose stack M README.md
5 verbose stack M index.less
5 verbose stack M  lib/main.coffee
5 verbose stack M package.json
5 verbose stack M spec/theme-spec.coffee
5 verbose stack M styles/atom.less
5 verbose stack M styles/editor.less
5 verbose stack M styles/settings.less
5 verbose stack M styles/status-bar.less
5 verbose stack M styles/tabs.less
5 verbose stack M styles/tree-view.less
5 verbose stack M styles/ui-variables-custom.less
5 verbose stack M styles/ui-variables.less
5 verbose stack     at C:\Users\Aditya Vikram Singh\AppData\Local\atom\app-1.24.0\resources\app\apm\node_modules\npm\lib\version.js:247:19
5 verbose stack     at C:\Users\Aditya Vikram Singh\AppData\Local\atom\app-1.24.0\resources\app\apm\node_modules\npm\lib\utils\no-progress-while-running.js:21:8
5 verbose stack     at ChildProcess.exithandler (child_process.js:197:7)
5 verbose stack     at emitTwo (events.js:106:13)
5 verbose stack     at ChildProcess.emit (events.js:191:7)
5 verbose stack     at maybeClose (internal/child_process.js:877:16)
5 verbose stack     at Process.ChildProcess._handle.onexit (internal/child_process.js:226:5)
6 verbose cwd C:\Users\Aditya Vikram Singh\Projects\atom\vertex-ui
7 error Windows_NT 10.0.16299
8 error argv "C:\\Users\\Aditya Vikram Singh\\AppData\\Local\\atom\\app-1.24.0\\resources\\app\\apm\\bin\\node.exe" "C:\\Users\\Aditya Vikram Singh\\AppData\\Local\\atom\\app-1.24.0\\resources\\app\\apm\\node_modules\\npm\\bin\\npm-cli.js" "version" "minor" "-m" "Prepare %s release"
9 error node v6.9.5
10 error npm  v3.10.10
11 error Git working directory not clean.
11 error M README.md
11 error M index.less
11 error M  lib/main.coffee
11 error M package.json
11 error M spec/theme-spec.coffee
11 error M styles/atom.less
11 error M styles/editor.less
11 error M styles/settings.less
11 error M styles/status-bar.less
11 error M styles/tabs.less
11 error M styles/tree-view.less
11 error M styles/ui-variables-custom.less
11 error M styles/ui-variables.less
12 error If you need help, you may report this error at:
12 error     <https://github.com/npm/npm/issues>
13 verbose exit [ 1, true ]
